ChoroplethGrid.js:120 Small Rectangle [25, 60] Total Intensity: 0
ChoroplethGrid.js:120 Small Rectangle [25, 60.5] Total Intensity: 47
ChoroplethGrid.js:120 Small Rectangle [25, 61] Total Intensity: 24
ChoroplethGrid.js:120 Small Rectangle [25, 61.5] Total Intensity: 9
ChoroplethGrid.js:120 Small Rectangle [25, 62] Total Intensity: 7
ChoroplethGrid.js:120 Small Rectangle [25, 62.5] Total Intensity: 5
ChoroplethGrid.js:120 Small Rectangle [25, 63] Total Intensity: 5
ChoroplethGrid.js:120 Small Rectangle [25, 63.5] Total Intensity: 5
ChoroplethGrid.js:120 Small Rectangle [25, 64] Total Intensity: 0
ChoroplethGrid.js:120 Small Rectangle [25, 64.5] Total Intensity: 4
ChoroplethGrid.js:120 Small Rectangle [24.5, 60] Total Intensity: 0
ChoroplethGrid.js:120 Small Rectangle [24.5, 60.5] Total Intensity: 84
ChoroplethGrid.js:120 Small Rectangle [24.5, 61] Total Intensity: 71
ChoroplethGrid.js:120 Small Rectangle [24.5, 61.5] Total Intensity: 27
ChoroplethGrid.js:120 Small Rectangle [24.5, 62] Total Intensity: 15
ChoroplethGrid.js:120 Small Rectangle [24.5, 62.5] Total Intensity: 9
ChoroplethGrid.js:120 Small Rectangle [24.5, 63] Total Intensity: 8
ChoroplethGrid.js:120 Small Rectangle [24.5, 63.5] Total Intensity: 3
ChoroplethGrid.js:120 Small Rectangle [24.5, 64] Total Intensity: 4
ChoroplethGrid.js:120 Small Rectangle [24.5, 64.5] Total Intensity: 3
ChoroplethGrid.js:120 Small Rectangle [24, 60] Total Intensity: 0
ChoroplethGrid.js:120 Small Rectangle [24, 60.5] Total Intensity: 113
ChoroplethGrid.js:120 Small Rectangle [24, 61] Total Intensity: 87
ChoroplethGrid.js:120 Small Rectangle [24, 61.5] Total Intensity: 27
ChoroplethGrid.js:120 Small Rectangle [24, 62] Total Intensity: 20
ChoroplethGrid.js:120 Small Rectangle [24, 62.5] Total Intensity: 10
ChoroplethGrid.js:120 Small Rectangle [24, 63] Total Intensity: 12
ChoroplethGrid.js:120 Small Rectangle [24, 63.5] Total Intensity: 9
ChoroplethGrid.js:120 Small Rectangle [24, 64] Total Intensity: 5
ChoroplethGrid.js:120 Small Rectangle [24, 64.5] Total Intensity: 6
ChoroplethGrid.js:120 Small Rectangle [23.5, 60] Total Intensity: 0
ChoroplethGrid.js:120 Small Rectangle [23.5, 60.5] Total Intensity: 125
ChoroplethGrid.js:120 Small Rectangle [23.5, 61] Total Intensity: 85
ChoroplethGrid.js:120 Small Rectangle [23.5, 61.5] Total Intensity: 45
ChoroplethGrid.js:120 Small Rectangle [23.5, 62] Total Intensity: 33
ChoroplethGrid.js:120 Small Rectangle [23.5, 62.5] Total Intensity: 23
ChoroplethGrid.js:120 Small Rectangle [23.5, 63] Total Intensity: 17
ChoroplethGrid.js:120 Small Rectangle [23.5, 63.5] Total Intensity: 16
ChoroplethGrid.js:120 Small Rectangle [23.5, 64] Total Intensity: 14
ChoroplethGrid.js:120 Small Rectangle [23.5, 64.5] Total Intensity: 13
ChoroplethGrid.js:120 Small Rectangle [23, 60] Total Intensity: 0
ChoroplethGrid.js:120 Small Rectangle [23, 60.5] Total Intensity: 96
ChoroplethGrid.js:120 Small Rectangle [23, 61] Total Intensity: 107
ChoroplethGrid.js:120 Small Rectangle [23, 61.5] Total Intensity: 43
ChoroplethGrid.js:120 Small Rectangle [23, 62] Total Intensity: 28
ChoroplethGrid.js:120 Small Rectangle [23, 62.5] Total Intensity: 32
ChoroplethGrid.js:120 Small Rectangle [23, 63] Total Intensity: 26
ChoroplethGrid.js:120 Small Rectangle [23, 63.5] Total Intensity: 23
ChoroplethGrid.js:120 Small Rectangle [23, 64] Total Intensity: 21
ChoroplethGrid.js:120 Small Rectangle [23, 64.5] Total Intensity: 6
ChoroplethGrid.js:120 Small Rectangle [22.5, 60] Total Intensity: 0
ChoroplethGrid.js:120 Small Rectangle [22.5, 60.5] Total Intensity: 0
ChoroplethGrid.js:120 Small Rectangle [22.5, 61] Total Intensity: 0
ChoroplethGrid.js:120 Small Rectangle [22.5, 61.5] Total Intensity: 0
ChoroplethGrid.js:120 Small Rectangle [22.5, 62] Total Intensity: 0
ChoroplethGrid.js:120 Small Rectangle [22.5, 62.5] Total Intensity: 0
ChoroplethGrid.js:120 Small Rectangle [22.5, 63] Total Intensity: 0
ChoroplethGrid.js:120 Small Rectangle [22.5, 63.5] Total Intensity: 0
ChoroplethGrid.js:120 Small Rectangle [22.5, 64] Total Intensity: 0
ChoroplethGrid.js:120 Small Rectangle [22.5, 64.5] Total Intensity: 0
ChoroplethGrid.js:142 (60) [{…}, {…}, {…}, {…}, {…}, {…}, {…}, {…}, {…}, {…}, {…}, {…}, {…}, {…}, {…}, {…}, {…}, {…}, {…}, {…}, {…}, {…}, {…}, {…}, {…}, {…}, {…}, {…}, {…}, {…}, {…}, {…}, {…}, {…}, {…}, {…}, {…}, {…}, {…}, {…}, {…}, {…}, {…}, {…}, {…}, {…}, {…}, {…}, {…}, {…}, {…}, {…}, {…}, {…}, {…}, {…}, {…}, {…}, {…}, {…}]0: {coords: Array(4), intensity: 0, percentage: 0, color: '#FFFFFF15'}1: {coords: Array(4), intensity: 47, percentage: 4.621435594886923, color: '#FFFFFD'}2: {coords: Array(4), intensity: 24, percentage: 2.359882005899705, color: '#FFFFFD'}3: {coords: Array(4), intensity: 9, percentage: 0.8849557522123894, color: '#FFFFFD'}4: {coords: Array(4), intensity: 7, percentage: 0.688298918387414, color: '#FFFFFD'}5: {coords: Array(4), intensity: 5, percentage: 0.4916420845624385, color: '#FFFFFD'}6: {coords: Array(4), intensity: 5, percentage: 0.4916420845624385, color: '#FFFFFD'}7: color: "#FFFFFD"coords: (4) [Array(2), Array(2), Array(2), Array(2)]intensity: 5percentage: 0.4916420845624385[[Prototype]]: Object8: {coords: Array(4), intensity: 0, percentage: 0, color: '#FFFFFF15'}9: {coords: Array(4), intensity: 4, percentage: 0.39331366764995085, color: '#FFFFFD'}10: {coords: Array(4), intensity: 0, percentage: 0, color: '#FFFFFF15'}11: {coords: Array(4), intensity: 84, percentage: 8.259587020648967, color: '#FFFFCA'}12: {coords: Array(4), intensity: 71, percentage: 6.981317600786626, color: '#FFFFCA'}13: {coords: Array(4), intensity: 27, percentage: 2.6548672566371683, color: '#FFFFFD'}14: {coords: Array(4), intensity: 15, percentage: 1.4749262536873156, color: '#FFFFFD'}15: {coords: Array(4), intensity: 9, percentage: 0.8849557522123894, color: '#FFFFFD'}16: {coords: Array(4), intensity: 8, percentage: 0.7866273352999017, color: '#FFFFFD'}17: {coords: Array(4), intensity: 3, percentage: 0.2949852507374631, color: '#FFFFFD'}18: {coords: Array(4), intensity: 4, percentage: 0.39331366764995085, color: '#FFFFFD'}19: {coords: Array(4), intensity: 3, percentage: 0.2949852507374631, color: '#FFFFFD'}20: {coords: Array(4), intensity: 0, percentage: 0, color: '#FFFFFF15'}21: {coords: Array(4), intensity: 113, percentage: 11.11111111111111, color: '#FFFDAB'}22: {coords: Array(4), intensity: 87, percentage: 8.55457227138643, color: '#FFFFCA'}23: {coords: Array(4), intensity: 27, percentage: 2.6548672566371683, color: '#FFFFFD'}24: {coords: Array(4), intensity: 20, percentage: 1.966568338249754, color: '#FFFFFD'}25: {coords: Array(4), intensity: 10, percentage: 0.983284169124877, color: '#FFFFFD'}26: {coords: Array(4), intensity: 12, percentage: 1.1799410029498525, color: '#FFFFFD'}27: {coords: Array(4), intensity: 9, percentage: 0.8849557522123894, color: '#FFFFFD'}28: {coords: Array(4), intensity: 5, percentage: 0.4916420845624385, color: '#FFFFFD'}29: {coords: Array(4), intensity: 6, percentage: 0.5899705014749262, color: '#FFFFFD'}30: {coords: Array(4), intensity: 0, percentage: 0, color: '#FFFFFF15'}31: {coords: Array(4), intensity: 125, percentage: 12.291052114060964, color: '#FFFDAB'}32: {coords: Array(4), intensity: 85, percentage: 8.357915437561456, color: '#FFFFCA'}33: {coords: Array(4), intensity: 45, percentage: 4.424778761061947, color: '#FFFFFD'}34: {coords: Array(4), intensity: 33, percentage: 3.2448377581120944, color: '#FFFFFD'}35: {coords: Array(4), intensity: 23, percentage: 2.2615535889872174, color: '#FFFFFD'}36: {coords: Array(4), intensity: 17, percentage: 1.671583087512291, color: '#FFFFFD'}37: {coords: Array(4), intensity: 16, percentage: 1.5732546705998034, color: '#FFFFFD'}38: {coords: Array(4), intensity: 14, percentage: 1.376597836774828, color: '#FFFFFD'}39: {coords: Array(4), intensity: 13, percentage: 1.27826941986234, color: '#FFFFFD'}40: {coords: Array(4), intensity: 0, percentage: 0, color: '#FFFFFF15'}41: {coords: Array(4), intensity: 96, percentage: 9.43952802359882, color: '#FFFFCA'}42: {coords: Array(4), intensity: 107, percentage: 10.521140609636184, color: '#FFFDAB'}43: {coords: Array(4), intensity: 43, percentage: 4.2281219272369714, color: '#FFFFFD'}44: {coords: Array(4), intensity: 28, percentage: 2.753195673549656, color: '#FFFFFD'}45: {coords: Array(4), intensity: 32, percentage: 3.146509341199607, color: '#FFFFFD'}46: {coords: Array(4), intensity: 26, percentage: 2.55653883972468, color: '#FFFFFD'}47: {coords: Array(4), intensity: 23, percentage: 2.2615535889872174, color: '#FFFFFD'}48: {coords: Array(4), intensity: 21, percentage: 2.0648967551622417, color: '#FFFFFD'}49: {coords: Array(4), intensity: 6, percentage: 0.5899705014749262, color: '#FFFFFD'}50: {coords: Array(4), intensity: 0, percentage: 0, color: '#FFFFFF15'}51: {coords: Array(4), intensity: 0, percentage: 0, color: '#FFFFFF15'}52: {coords: Array(4), intensity: 0, percentage: 0, color: '#FFFFFF15'}53: {coords: Array(4), intensity: 0, percentage: 0, color: '#FFFFFF15'}54: {coords: Array(4), intensity: 0, percentage: 0, color: '#FFFFFF15'}55: {coords: Array(4), intensity: 0, percentage: 0, color: '#FFFFFF15'}56: {coords: Array(4), intensity: 0, percentage: 0, color: '#FFFFFF15'}57: {coords: Array(4), intensity: 0, percentage: 0, color: '#FFFFFF15'}58: {coords: Array(4), intensity: 0, percentage: 0, color: '#FFFFFF15'}59: {coords: Array(4), intensity: 0, percentage: 0, color: '#FFFFFF15'}length: 60[[Prototype]]: Array(0)
